INFO:2021-06-14 23:56:10,071:[training.py:576 -train_and_validate_ksplits() ] Split #0
INFO:2021-06-14 23:56:10,072:[training.py:577 -train_and_validate_ksplits() ] Train: ['chr13', 'chr19', 'chr3', 'chr22', 'chr2', 'chr14', 'chr5', 'chr16', 'chr6', 'chr20', 'chr15', 'chr11', 'chr12', 'chr21', 'chr7', 'chr9', 'chr18', 'chr4', 'chr17']
INFO:2021-06-14 23:56:10,073:[training.py:578 -train_and_validate_ksplits() ] Val: ['chr10', 'chr8']
DEBUG:2021-06-14 23:56:10,074:[training.py:585 -train_and_validate_ksplits() ] Split 0: Creating training process
INFO:2021-06-15 00:01:57,875:[training.py:576 -train_and_validate_ksplits() ] Split #0
INFO:2021-06-15 00:01:57,887:[training.py:577 -train_and_validate_ksplits() ] Train: ['chr22', 'chr14', 'chr17', 'chr19', 'chr4', 'chr18', 'chr21', 'chr2', 'chr13', 'chr5', 'chr12', 'chr7', 'chr9', 'chr11', 'chr3', 'chr20', 'chr15', 'chr6', 'chr16']
INFO:2021-06-15 00:01:57,888:[training.py:578 -train_and_validate_ksplits() ] Val: ['chr10', 'chr8']
DEBUG:2021-06-15 00:01:57,889:[training.py:585 -train_and_validate_ksplits() ] Split 0: Creating training process
INFO:2021-06-15 00:12:05,026:[training.py:576 -train_and_validate_ksplits() ] Split #0
INFO:2021-06-15 00:12:05,039:[training.py:577 -train_and_validate_ksplits() ] Train: ['chr7', 'chr12', 'chr18', 'chr15', 'chr20', 'chr5', 'chr14', 'chr13', 'chr4', 'chr9', 'chr17', 'chr2', 'chr3', 'chr11', 'chr22', 'chr6', 'chr19', 'chr16', 'chr21']
INFO:2021-06-15 00:12:05,040:[training.py:578 -train_and_validate_ksplits() ] Val: ['chr10', 'chr8']
DEBUG:2021-06-15 00:12:05,040:[training.py:585 -train_and_validate_ksplits() ] Split 0: Creating training process
INFO:2021-06-15 10:41:55,896:[training.py:576 -train_and_validate_ksplits() ] Split #0
INFO:2021-06-15 10:41:55,909:[training.py:577 -train_and_validate_ksplits() ] Train: ['chr4', 'chr15', 'chr13', 'chr17', 'chr2', 'chr7', 'chr22', 'chr16', 'chr19', 'chr3', 'chr12', 'chr20', 'chr6', 'chr11', 'chr5', 'chr14', 'chr21', 'chr18', 'chr9']
INFO:2021-06-15 10:41:55,909:[training.py:578 -train_and_validate_ksplits() ] Val: ['chr10', 'chr8']
DEBUG:2021-06-15 10:41:55,910:[training.py:585 -train_and_validate_ksplits() ] Split 0: Creating training process
INFO:2021-06-15 14:04:46,889:[training.py:576 -train_and_validate_ksplits() ] Split #0
INFO:2021-06-15 14:04:46,904:[training.py:577 -train_and_validate_ksplits() ] Train: ['chr9', 'chr16', 'chr2', 'chr7', 'chr6', 'chr17', 'chr4', 'chr14', 'chr13', 'chr20', 'chr12', 'chr11', 'chrM', 'chr21', 'chr19', 'chr3', 'chrX', 'chr15', 'chr5', 'chrY', 'chr22', 'chr18']
INFO:2021-06-15 14:04:46,905:[training.py:578 -train_and_validate_ksplits() ] Val: ['chr10', 'chr8']
DEBUG:2021-06-15 14:04:46,905:[training.py:585 -train_and_validate_ksplits() ] Split 0: Creating training process
INFO:2021-06-15 14:15:02,574:[training.py:578 -train_and_validate_ksplits() ] Split #0
INFO:2021-06-15 14:15:02,575:[training.py:579 -train_and_validate_ksplits() ] Train: ['chr6', 'chr15', 'chrM', 'chr4', 'chr2', 'chr7', 'chr3', 'chr18', 'chr5', 'chr11', 'chr22', 'chr17', 'chr16', 'chr14', 'chr12', 'chrY', 'chr9', 'chr13', 'chr19', 'chr20', 'chr21', 'chrX']
INFO:2021-06-15 14:15:02,575:[training.py:580 -train_and_validate_ksplits() ] Val: ['chr10', 'chr8']
DEBUG:2021-06-15 14:15:02,576:[training.py:587 -train_and_validate_ksplits() ] Split 0: Creating training process
INFO:2021-06-15 14:21:52,602:[training.py:586 -train_and_validate_ksplits() ] Split #0
INFO:2021-06-15 14:21:52,602:[training.py:587 -train_and_validate_ksplits() ] Train: ['chrX', 'chr6', 'chr5', 'chr22', 'chrM', 'chr18', 'chr2', 'chr9', 'chr14', 'chr11', 'chr15', 'chr16', 'chr4', 'chr17', 'chr12', 'chrY', 'chr7', 'chr19', 'chr3', 'chr21', 'chr13', 'chr20']
INFO:2021-06-15 14:21:52,603:[training.py:588 -train_and_validate_ksplits() ] Val: ['chr10', 'chr8']
DEBUG:2021-06-15 14:21:52,604:[training.py:595 -train_and_validate_ksplits() ] Split 0: Creating training process
INFO:2021-06-15 14:23:25,239:[training.py:586 -train_and_validate_ksplits() ] Split #0
INFO:2021-06-15 14:23:25,240:[training.py:587 -train_and_validate_ksplits() ] Train: ['chr7', 'chr2', 'chr21', 'chr11', 'chr17', 'chrX', 'chr6', 'chr4', 'chr16', 'chr18', 'chr20', 'chr5', 'chr19', 'chr13', 'chr12', 'chrY', 'chr14', 'chrM', 'chr15', 'chr3', 'chr22', 'chr9']
INFO:2021-06-15 14:23:25,241:[training.py:588 -train_and_validate_ksplits() ] Val: ['chr10', 'chr8']
DEBUG:2021-06-15 14:23:25,241:[training.py:595 -train_and_validate_ksplits() ] Split 0: Creating training process
INFO:2021-06-15 14:24:49,380:[training.py:585 -train_and_validate_ksplits() ] Split #0
INFO:2021-06-15 14:24:49,381:[training.py:586 -train_and_validate_ksplits() ] Train: ['chr18', 'chr3', 'chr12', 'chr7', 'chr2', 'chr17', 'chr15', 'chr16', 'chr13', 'chrX', 'chr9', 'chr11', 'chr5', 'chr19', 'chr20', 'chr21', 'chrY', 'chr14', 'chrM', 'chr4', 'chr22', 'chr6']
INFO:2021-06-15 14:24:49,381:[training.py:587 -train_and_validate_ksplits() ] Val: ['chr10', 'chr8']
DEBUG:2021-06-15 14:24:49,382:[training.py:594 -train_and_validate_ksplits() ] Split 0: Creating training process
INFO:2021-06-15 14:33:06,297:[training.py:586 -train_and_validate_ksplits() ] Split #0
INFO:2021-06-15 14:33:06,298:[training.py:587 -train_and_validate_ksplits() ] Train: ['chr15', 'chrM', 'chr6', 'chr11', 'chr9', 'chr18', 'chr14', 'chrY', 'chr19', 'chr17', 'chr13', 'chr2', 'chr21', 'chr22', 'chrX', 'chr7', 'chr12', 'chr5', 'chr16', 'chr3', 'chr20', 'chr4']
INFO:2021-06-15 14:33:06,299:[training.py:588 -train_and_validate_ksplits() ] Val: ['chr10', 'chr8']
DEBUG:2021-06-15 14:33:06,300:[training.py:595 -train_and_validate_ksplits() ] Split 0: Creating training process
INFO:2021-06-15 19:02:57,980:[training.py:587 -train_and_validate_ksplits() ] Split #0
INFO:2021-06-15 19:02:57,998:[training.py:588 -train_and_validate_ksplits() ] Train: ['chr5', 'chr15', 'chr12', 'chrY', 'chr4', 'chr14', 'chr9', 'chr21', 'chr2', 'chrM', 'chr16', 'chr22', 'chr17', 'chr18', 'chrX', 'chr13', 'chr3', 'chr7', 'chr11', 'chr20', 'chr6', 'chr19']
INFO:2021-06-15 19:02:57,998:[training.py:589 -train_and_validate_ksplits() ] Val: ['chr10', 'chr8']
DEBUG:2021-06-15 19:02:57,999:[training.py:596 -train_and_validate_ksplits() ] Split 0: Creating training process
INFO:2021-06-15 19:08:51,628:[training.py:587 -train_and_validate_ksplits() ] Split #0
INFO:2021-06-15 19:08:51,642:[training.py:588 -train_and_validate_ksplits() ] Train: ['chr14', 'chrM', 'chr7', 'chrX', 'chr12', 'chr6', 'chr17', 'chr21', 'chr3', 'chr2', 'chr9', 'chr20', 'chr4', 'chr16', 'chr19', 'chr15', 'chr18', 'chr11', 'chr5', 'chrY', 'chr13', 'chr22']
INFO:2021-06-15 19:08:51,643:[training.py:589 -train_and_validate_ksplits() ] Val: ['chr10', 'chr8']
DEBUG:2021-06-15 19:08:51,643:[training.py:596 -train_and_validate_ksplits() ] Split 0: Creating training process
INFO:2021-06-15 20:09:54,039:[training.py:587 -train_and_validate_ksplits() ] Split #0
INFO:2021-06-15 20:09:54,137:[training.py:588 -train_and_validate_ksplits() ] Train: ['chr19', 'chr22', 'chrY', 'chr15', 'chr7', 'chr12', 'chr16', 'chr11', 'chr2', 'chr4', 'chr20', 'chrX', 'chr5', 'chr17', 'chr13', 'chr6', 'chrM', 'chr18', 'chr14', 'chr9', 'chr3', 'chr21']
INFO:2021-06-15 20:09:54,138:[training.py:589 -train_and_validate_ksplits() ] Val: ['chr10', 'chr8']
DEBUG:2021-06-15 20:09:54,139:[training.py:596 -train_and_validate_ksplits() ] Split 0: Creating training process
INFO:2021-06-15 20:26:45,305:[training.py:587 -train_and_validate_ksplits() ] Split #0
INFO:2021-06-15 20:26:45,322:[training.py:588 -train_and_validate_ksplits() ] Train: ['chr20', 'chr22', 'chr5', 'chrY', 'chr3', 'chr9', 'chr14', 'chr15', 'chrM', 'chr11', 'chr17', 'chr18', 'chr21', 'chr2', 'chr13', 'chrX', 'chr4', 'chr19', 'chr12', 'chr6', 'chr7', 'chr16']
INFO:2021-06-15 20:26:45,322:[training.py:589 -train_and_validate_ksplits() ] Val: ['chr10', 'chr8']
DEBUG:2021-06-15 20:26:45,323:[training.py:596 -train_and_validate_ksplits() ] Split 0: Creating training process
INFO:2021-06-15 21:06:56,676:[training.py:587 -train_and_validate_ksplits() ] Split #0
INFO:2021-06-15 21:06:56,693:[training.py:588 -train_and_validate_ksplits() ] Train: ['chrM', 'chr13', 'chr15', 'chr11', 'chr20', 'chr9', 'chr6', 'chr19', 'chr2', 'chr21', 'chr17', 'chr12', 'chr5', 'chr14', 'chr16', 'chrY', 'chr4', 'chr18', 'chrX', 'chr7', 'chr22', 'chr3']
INFO:2021-06-15 21:06:56,694:[training.py:589 -train_and_validate_ksplits() ] Val: ['chr10', 'chr8']
DEBUG:2021-06-15 21:06:56,695:[training.py:596 -train_and_validate_ksplits() ] Split 0: Creating training process
INFO:2021-06-15 21:41:53,354:[training.py:588 -train_and_validate_ksplits() ] Split #0
INFO:2021-06-15 21:41:53,369:[training.py:589 -train_and_validate_ksplits() ] Train: ['chr9', 'chr19', 'chr7', 'chr13', 'chr18', 'chrM', 'chr21', 'chr14', 'chr2', 'chr6', 'chr3', 'chr5', 'chrX', 'chr17', 'chr22', 'chr20', 'chr16', 'chr15', 'chrY', 'chr11', 'chr12', 'chr4']
INFO:2021-06-15 21:41:53,370:[training.py:590 -train_and_validate_ksplits() ] Val: ['chr10', 'chr8']
DEBUG:2021-06-15 21:41:53,371:[training.py:597 -train_and_validate_ksplits() ] Split 0: Creating training process
INFO:2021-06-15 21:46:23,053:[training.py:587 -train_and_validate_ksplits() ] Split #0
INFO:2021-06-15 21:46:23,067:[training.py:588 -train_and_validate_ksplits() ] Train: ['chrM', 'chr2', 'chr7', 'chr22', 'chrX', 'chr12', 'chr13', 'chr9', 'chr21', 'chr4', 'chr15', 'chrY', 'chr5', 'chr11', 'chr20', 'chr19', 'chr14', 'chr18', 'chr17', 'chr3', 'chr6', 'chr16']
INFO:2021-06-15 21:46:23,068:[training.py:589 -train_and_validate_ksplits() ] Val: ['chr10', 'chr8']
DEBUG:2021-06-15 21:46:23,068:[training.py:596 -train_and_validate_ksplits() ] Split 0: Creating training process
INFO:2021-06-15 21:56:47,337:[training.py:587 -train_and_validate_ksplits() ] Split #0
INFO:2021-06-15 21:56:47,348:[training.py:588 -train_and_validate_ksplits() ] Train: ['chr20', 'chr6', 'chr2', 'chr19', 'chr22', 'chr9', 'chr7', 'chr5', 'chr11', 'chr21', 'chr15', 'chrM', 'chr13', 'chr17', 'chr3', 'chr16', 'chrY', 'chrX', 'chr18', 'chr4', 'chr12', 'chr14']
INFO:2021-06-15 21:56:47,349:[training.py:589 -train_and_validate_ksplits() ] Val: ['chr10', 'chr8']
DEBUG:2021-06-15 21:56:47,349:[training.py:596 -train_and_validate_ksplits() ] Split 0: Creating training process
INFO:2021-06-15 22:13:48,172:[training.py:588 -train_and_validate_ksplits() ] Split #0
INFO:2021-06-15 22:13:48,188:[training.py:589 -train_and_validate_ksplits() ] Train: ['chr11', 'chr22', 'chr15', 'chr21', 'chr13', 'chrX', 'chr6', 'chr14', 'chrY', 'chr9', 'chr2', 'chr19', 'chr16', 'chr12', 'chr3', 'chr5', 'chr18', 'chrM', 'chr17', 'chr20', 'chr4', 'chr7']
INFO:2021-06-15 22:13:48,189:[training.py:590 -train_and_validate_ksplits() ] Val: ['chr10', 'chr8']
DEBUG:2021-06-15 22:13:48,189:[training.py:597 -train_and_validate_ksplits() ] Split 0: Creating training process
INFO:2021-06-15 22:15:54,944:[training.py:588 -train_and_validate_ksplits() ] Split #0
INFO:2021-06-15 22:15:54,945:[training.py:589 -train_and_validate_ksplits() ] Train: ['chrY', 'chr19', 'chr5', 'chrX', 'chr18', 'chr2', 'chr13', 'chr21', 'chr9', 'chr4', 'chr11', 'chr20', 'chr3', 'chr17', 'chr6', 'chr15', 'chr22', 'chr14', 'chr12', 'chr7', 'chr16', 'chrM']
INFO:2021-06-15 22:15:54,946:[training.py:590 -train_and_validate_ksplits() ] Val: ['chr10', 'chr8']
DEBUG:2021-06-15 22:15:54,946:[training.py:597 -train_and_validate_ksplits() ] Split 0: Creating training process
INFO:2021-06-15 22:24:14,360:[training.py:593 -train_and_validate_ksplits() ] Split #0
INFO:2021-06-15 22:24:14,377:[training.py:594 -train_and_validate_ksplits() ] Train: ['chr15', 'chr9', 'chr12', 'chr13', 'chr20', 'chr17', 'chr3', 'chr5', 'chr7', 'chr16', 'chr21', 'chr6', 'chr18', 'chr14', 'chrY', 'chrX', 'chrM', 'chr19', 'chr4', 'chr2', 'chr11', 'chr22']
INFO:2021-06-15 22:24:14,377:[training.py:595 -train_and_validate_ksplits() ] Val: ['chr10', 'chr8']
DEBUG:2021-06-15 22:24:14,378:[training.py:602 -train_and_validate_ksplits() ] Split 0: Creating training process
INFO:2021-06-15 22:33:27,982:[training.py:594 -train_and_validate_ksplits() ] Split #0
INFO:2021-06-15 22:33:27,995:[training.py:595 -train_and_validate_ksplits() ] Train: ['chr20', 'chr22', 'chr4', 'chr12', 'chr14', 'chrM', 'chr2', 'chrX', 'chr9', 'chr3', 'chr6', 'chr16', 'chr11', 'chr15', 'chr13', 'chr21', 'chr5', 'chr7', 'chr17', 'chr19', 'chr18', 'chrY']
INFO:2021-06-15 22:33:27,996:[training.py:596 -train_and_validate_ksplits() ] Val: ['chr10', 'chr8']
DEBUG:2021-06-15 22:33:27,996:[training.py:603 -train_and_validate_ksplits() ] Split 0: Creating training process
INFO:2021-06-15 22:42:44,067:[training.py:594 -train_and_validate_ksplits() ] Split #0
INFO:2021-06-15 22:42:44,096:[training.py:595 -train_and_validate_ksplits() ] Train: ['chr11', 'chrX', 'chr14', 'chrY', 'chr22', 'chr9', 'chr20', 'chr5', 'chr16', 'chr12', 'chr2', 'chrM', 'chr7', 'chr17', 'chr13', 'chr18', 'chr15', 'chr21', 'chr4', 'chr3', 'chr19', 'chr6']
INFO:2021-06-15 22:42:44,096:[training.py:596 -train_and_validate_ksplits() ] Val: ['chr10', 'chr8']
DEBUG:2021-06-15 22:42:44,097:[training.py:603 -train_and_validate_ksplits() ] Split 0: Creating training process
INFO:2021-06-15 22:47:31,590:[training.py:594 -train_and_validate_ksplits() ] Split #0
INFO:2021-06-15 22:47:31,600:[training.py:595 -train_and_validate_ksplits() ] Train: ['chr12', 'chrM', 'chrY', 'chr3', 'chr2', 'chr14', 'chr11', 'chr21', 'chr13', 'chr6', 'chr15', 'chr16', 'chr4', 'chr7', 'chr5', 'chr19', 'chrX', 'chr20', 'chr17', 'chr22', 'chr9', 'chr18']
INFO:2021-06-15 22:47:31,601:[training.py:596 -train_and_validate_ksplits() ] Val: ['chr10', 'chr8']
DEBUG:2021-06-15 22:47:31,601:[training.py:603 -train_and_validate_ksplits() ] Split 0: Creating training process
INFO:2021-06-15 22:55:16,020:[training.py:594 -train_and_validate_ksplits() ] Split #0
INFO:2021-06-15 22:55:16,031:[training.py:595 -train_and_validate_ksplits() ] Train: ['chr7', 'chr16', 'chr15', 'chr14', 'chr20', 'chr17', 'chrX', 'chr2', 'chr13', 'chr3', 'chr5', 'chrY', 'chr19', 'chr9', 'chr18', 'chrM', 'chr4', 'chr21', 'chr6', 'chr22', 'chr12', 'chr11']
INFO:2021-06-15 22:55:16,032:[training.py:596 -train_and_validate_ksplits() ] Val: ['chr10', 'chr8']
DEBUG:2021-06-15 22:55:16,033:[training.py:603 -train_and_validate_ksplits() ] Split 0: Creating training process
INFO:2021-06-15 22:59:00,279:[training.py:594 -train_and_validate_ksplits() ] Split #0
INFO:2021-06-15 22:59:00,292:[training.py:595 -train_and_validate_ksplits() ] Train: ['chr11', 'chr7', 'chr17', 'chrM', 'chr14', 'chr3', 'chr6', 'chr18', 'chrY', 'chr9', 'chr2', 'chr20', 'chr15', 'chr19', 'chr16', 'chr5', 'chr22', 'chrX', 'chr13', 'chr4', 'chr12', 'chr21']
INFO:2021-06-15 22:59:00,293:[training.py:596 -train_and_validate_ksplits() ] Val: ['chr10', 'chr8']
DEBUG:2021-06-15 22:59:00,293:[training.py:603 -train_and_validate_ksplits() ] Split 0: Creating training process
INFO:2021-06-15 23:00:02,090:[training.py:594 -train_and_validate_ksplits() ] Split #0
INFO:2021-06-15 23:00:02,090:[training.py:595 -train_and_validate_ksplits() ] Train: ['chr7', 'chr16', 'chr5', 'chr4', 'chr19', 'chrY', 'chr22', 'chr20', 'chrM', 'chr12', 'chr21', 'chrX', 'chr2', 'chr11', 'chr17', 'chr9', 'chr3', 'chr15', 'chr18', 'chr13', 'chr14', 'chr6']
INFO:2021-06-15 23:00:02,091:[training.py:596 -train_and_validate_ksplits() ] Val: ['chr10', 'chr8']
DEBUG:2021-06-15 23:00:02,091:[training.py:603 -train_and_validate_ksplits() ] Split 0: Creating training process
INFO:2021-06-15 23:02:02,059:[training.py:594 -train_and_validate_ksplits() ] Split #0
INFO:2021-06-15 23:02:02,060:[training.py:595 -train_and_validate_ksplits() ] Train: ['chr18', 'chr5', 'chr16', 'chr13', 'chr9', 'chrM', 'chr17', 'chrY', 'chrX', 'chr4', 'chr14', 'chr19', 'chr21', 'chr15', 'chr2', 'chr3', 'chr22', 'chr11', 'chr12', 'chr20', 'chr6', 'chr7']
INFO:2021-06-15 23:02:02,061:[training.py:596 -train_and_validate_ksplits() ] Val: ['chr10', 'chr8']
DEBUG:2021-06-15 23:02:02,061:[training.py:603 -train_and_validate_ksplits() ] Split 0: Creating training process
INFO:2021-06-15 23:11:37,175:[training.py:594 -train_and_validate_ksplits() ] Split #0
INFO:2021-06-15 23:11:37,192:[training.py:595 -train_and_validate_ksplits() ] Train: ['chr6', 'chr14', 'chrY', 'chr22', 'chr11', 'chr2', 'chr5', 'chr9', 'chr12', 'chrX', 'chr20', 'chr19', 'chr17', 'chr21', 'chr3', 'chr15', 'chr16', 'chr4', 'chr7', 'chrM', 'chr13', 'chr18']
INFO:2021-06-15 23:11:37,192:[training.py:596 -train_and_validate_ksplits() ] Val: ['chr10', 'chr8']
DEBUG:2021-06-15 23:11:37,193:[training.py:603 -train_and_validate_ksplits() ] Split 0: Creating training process
INFO:2021-06-16 10:05:08,078:[training.py:594 -train_and_validate_ksplits() ] Split #0
INFO:2021-06-16 10:05:08,094:[training.py:595 -train_and_validate_ksplits() ] Train: ['chr7', 'chr16', 'chr4', 'chr5', 'chr2', 'chr3', 'chr12', 'chr11', 'chr18', 'chr15', 'chr19', 'chr13', 'chrX', 'chr9', 'chr20', 'chr14', 'chrY', 'chr21', 'chrM', 'chr6', 'chr22', 'chr17']
INFO:2021-06-16 10:05:08,095:[training.py:596 -train_and_validate_ksplits() ] Val: ['chr10', 'chr8']
DEBUG:2021-06-16 10:05:08,095:[training.py:603 -train_and_validate_ksplits() ] Split 0: Creating training process
INFO:2021-06-16 10:19:16,881:[training.py:594 -train_and_validate_ksplits() ] Split #0
INFO:2021-06-16 10:19:16,893:[training.py:595 -train_and_validate_ksplits() ] Train: ['chr9', 'chr13', 'chr3', 'chr22', 'chr12', 'chr7', 'chrX', 'chr20', 'chr11', 'chr6', 'chr2', 'chr21', 'chr17', 'chrY', 'chr5', 'chr19', 'chr4', 'chr15', 'chr16', 'chr14', 'chrM', 'chr18']
INFO:2021-06-16 10:19:16,893:[training.py:596 -train_and_validate_ksplits() ] Val: ['chr10', 'chr8']
DEBUG:2021-06-16 10:19:16,894:[training.py:603 -train_and_validate_ksplits() ] Split 0: Creating training process
INFO:2021-06-16 10:32:23,217:[training.py:594 -train_and_validate_ksplits() ] Split #0
INFO:2021-06-16 10:32:23,232:[training.py:595 -train_and_validate_ksplits() ] Train: ['chr3', 'chr2', 'chr20', 'chr7', 'chr21', 'chr18', 'chr19', 'chr4', 'chr13', 'chr6', 'chr22', 'chr5', 'chrM', 'chr16', 'chr12', 'chr9', 'chrX', 'chr15', 'chr11', 'chr17', 'chr14', 'chrY']
INFO:2021-06-16 10:32:23,232:[training.py:596 -train_and_validate_ksplits() ] Val: ['chr10', 'chr8']
DEBUG:2021-06-16 10:32:23,233:[training.py:603 -train_and_validate_ksplits() ] Split 0: Creating training process
INFO:2021-06-16 10:38:52,884:[training.py:594 -train_and_validate_ksplits() ] Split #0
INFO:2021-06-16 10:38:52,900:[training.py:595 -train_and_validate_ksplits() ] Train: ['chr15', 'chr7', 'chr6', 'chr2', 'chr20', 'chr12', 'chr16', 'chr17', 'chr18', 'chr13', 'chrM', 'chr4', 'chr5', 'chr11', 'chr21', 'chrX', 'chr19', 'chr14', 'chr3', 'chr9', 'chr22', 'chrY']
INFO:2021-06-16 10:38:52,901:[training.py:596 -train_and_validate_ksplits() ] Val: ['chr10', 'chr8']
DEBUG:2021-06-16 10:38:52,902:[training.py:603 -train_and_validate_ksplits() ] Split 0: Creating training process
INFO:2021-06-16 10:41:11,993:[training.py:594 -train_and_validate_ksplits() ] Split #0
INFO:2021-06-16 10:41:12,012:[training.py:595 -train_and_validate_ksplits() ] Train: ['chr19', 'chrX', 'chr5', 'chr20', 'chr22', 'chr16', 'chrM', 'chr7', 'chr17', 'chr2', 'chr11', 'chr18', 'chr6', 'chr15', 'chrY', 'chr21', 'chr4', 'chr9', 'chr14', 'chr13', 'chr12', 'chr3']
INFO:2021-06-16 10:41:12,012:[training.py:596 -train_and_validate_ksplits() ] Val: ['chr10', 'chr8']
DEBUG:2021-06-16 10:41:12,013:[training.py:603 -train_and_validate_ksplits() ] Split 0: Creating training process
INFO:2021-06-17 17:25:14,898:[training.py:595 -train_and_validate_ksplits() ] Split #0
INFO:2021-06-17 17:25:14,916:[training.py:596 -train_and_validate_ksplits() ] Train: ['chr12', 'chr18', 'chr4', 'chrM', 'chr7', 'chr2', 'chrX', 'chr20', 'chr15', 'chr16', 'chr17', 'chr6', 'chr3', 'chr22', 'chr13', 'chr5', 'chrY', 'chr19', 'chr21', 'chr11', 'chr14', 'chr9']
INFO:2021-06-17 17:25:14,917:[training.py:597 -train_and_validate_ksplits() ] Val: ['chr10', 'chr8']
DEBUG:2021-06-17 17:25:14,917:[training.py:604 -train_and_validate_ksplits() ] Split 0: Creating training process
INFO:2021-06-17 17:43:54,419:[training.py:595 -train_and_validate_ksplits() ] Split #0
INFO:2021-06-17 17:43:54,439:[training.py:596 -train_and_validate_ksplits() ] Train: ['chr6', 'chr21', 'chr16', 'chr17', 'chrX', 'chr13', 'chr9', 'chr3', 'chr5', 'chr15', 'chr2', 'chr18', 'chr22', 'chr20', 'chr4', 'chr12', 'chr7', 'chr19', 'chr11', 'chr14', 'chrY']
INFO:2021-06-17 17:43:54,440:[training.py:597 -train_and_validate_ksplits() ] Val: ['chr10', 'chr8']
DEBUG:2021-06-17 17:43:54,441:[training.py:604 -train_and_validate_ksplits() ] Split 0: Creating training process
INFO:2021-06-17 17:49:33,133:[training.py:595 -train_and_validate_ksplits() ] Split #0
INFO:2021-06-17 17:49:33,155:[training.py:596 -train_and_validate_ksplits() ] Train: ['chr5', 'chr13', 'chr20', 'chr18', 'chrY', 'chr19', 'chr15', 'chr2', 'chr11', 'chr4', 'chrX', 'chr21', 'chr6', 'chr22', 'chr3', 'chr14', 'chr12', 'chr9', 'chr17', 'chr7', 'chr16']
INFO:2021-06-17 17:49:33,155:[training.py:597 -train_and_validate_ksplits() ] Val: ['chr10', 'chr8']
DEBUG:2021-06-17 17:49:33,156:[training.py:604 -train_and_validate_ksplits() ] Split 0: Creating training process
INFO:2021-06-27 21:21:35,424:[training.py:576 -train_and_validate_ksplits() ] Split #0
INFO:2021-06-27 21:21:35,453:[training.py:577 -train_and_validate_ksplits() ] Train: ['chr17', 'chr20', 'chr14', 'chr13', 'chr22', 'chr18', 'chr7', 'chr15', 'chr9', 'chr5', 'chr2', 'chr11', 'chr6', 'chr19', 'chr12', 'chr16', 'chrY', 'chr4', 'chr3', 'chrX', 'chr21']
INFO:2021-06-27 21:21:35,454:[training.py:578 -train_and_validate_ksplits() ] Val: ['chr10', 'chr8']
DEBUG:2021-06-27 21:21:35,454:[training.py:585 -train_and_validate_ksplits() ] Split 0: Creating training process
INFO:2021-06-27 21:30:15,068:[training.py:576 -train_and_validate_ksplits() ] Split #0
INFO:2021-06-27 21:30:15,088:[training.py:577 -train_and_validate_ksplits() ] Train: ['chrY', 'chr13', 'chr15', 'chrX', 'chr21', 'chr18', 'chr22', 'chr2', 'chr11', 'chr19', 'chr12', 'chr17', 'chr6', 'chr7', 'chr5', 'chr20', 'chr3', 'chr4', 'chr14', 'chr16', 'chr9']
INFO:2021-06-27 21:30:15,089:[training.py:578 -train_and_validate_ksplits() ] Val: ['chr10', 'chr8']
DEBUG:2021-06-27 21:30:15,089:[training.py:585 -train_and_validate_ksplits() ] Split 0: Creating training process
INFO:2021-06-28 11:18:34,645:[training.py:576 -train_and_validate_ksplits() ] Split #0
INFO:2021-06-28 11:18:34,689:[training.py:577 -train_and_validate_ksplits() ] Train: ['chr4', 'chr21', 'chr12', 'chr17', 'chr5', 'chr2', 'chr3', 'chr14', 'chrY', 'chr7', 'chr11', 'chr6', 'chr20', 'chr22', 'chr19', 'chr15', 'chr16', 'chr18', 'chr9', 'chr13', 'chrX']
INFO:2021-06-28 11:18:34,690:[training.py:578 -train_and_validate_ksplits() ] Val: ['chr10', 'chr8']
DEBUG:2021-06-28 11:18:34,691:[training.py:585 -train_and_validate_ksplits() ] Split 0: Creating training process
INFO:2021-06-28 15:33:37,233:[training.py:576 -train_and_validate_ksplits() ] Split #0
INFO:2021-06-28 15:33:37,264:[training.py:577 -train_and_validate_ksplits() ] Train: ['chr20', 'chr17', 'chr5', 'chr14', 'chr6', 'chr12', 'chr16', 'chr21', 'chr19', 'chr13', 'chr3', 'chr15', 'chr7', 'chr22', 'chr2', 'chr11', 'chr9', 'chr18', 'chrX', 'chr4', 'chrY']
INFO:2021-06-28 15:33:37,264:[training.py:578 -train_and_validate_ksplits() ] Val: ['chr10', 'chr8']
DEBUG:2021-06-28 15:33:37,265:[training.py:585 -train_and_validate_ksplits() ] Split 0: Creating training process
INFO:2021-06-29 12:48:53,292:[training.py:576 -train_and_validate_ksplits() ] Split #0
INFO:2021-06-29 12:48:53,315:[training.py:577 -train_and_validate_ksplits() ] Train: ['chrX', 'chr3', 'chr12', 'chr22', 'chr13', 'chr15', 'chr17', 'chr14', 'chr18', 'chr11', 'chr5', 'chr16', 'chr2', 'chr20', 'chr6', 'chr21', 'chrY', 'chr7', 'chr4', 'chr9', 'chr19']
INFO:2021-06-29 12:48:53,316:[training.py:578 -train_and_validate_ksplits() ] Val: ['chr10', 'chr8']
DEBUG:2021-06-29 12:48:53,316:[training.py:585 -train_and_validate_ksplits() ] Split 0: Creating training process
INFO:2021-06-29 12:50:59,260:[training.py:576 -train_and_validate_ksplits() ] Split #0
INFO:2021-06-29 12:50:59,276:[training.py:577 -train_and_validate_ksplits() ] Train: ['chr16', 'chr20', 'chr14', 'chr12', 'chr21', 'chr17', 'chr15', 'chr7', 'chrY', 'chr5', 'chr2', 'chr3', 'chr22', 'chrX', 'chr6', 'chr19', 'chr4', 'chr11', 'chr18', 'chr13', 'chr9']
INFO:2021-06-29 12:50:59,277:[training.py:578 -train_and_validate_ksplits() ] Val: ['chr10', 'chr8']
DEBUG:2021-06-29 12:50:59,278:[training.py:585 -train_and_validate_ksplits() ] Split 0: Creating training process
INFO:2021-06-29 14:47:46,369:[training.py:576 -train_and_validate_ksplits() ] Split #0
INFO:2021-06-29 14:47:46,393:[training.py:577 -train_and_validate_ksplits() ] Train: ['chr22', 'chrX', 'chr14', 'chr7', 'chr6', 'chr17', 'chr9', 'chr19', 'chr12', 'chr3', 'chr20', 'chr16', 'chr21', 'chr11', 'chrY', 'chr13', 'chr4', 'chr2', 'chr18', 'chr15', 'chr5']
INFO:2021-06-29 14:47:46,394:[training.py:578 -train_and_validate_ksplits() ] Val: ['chr10', 'chr8']
DEBUG:2021-06-29 14:47:46,394:[training.py:585 -train_and_validate_ksplits() ] Split 0: Creating training process
