INFO:2021-06-29 16:08:07,419:[predict.py:360 -        predict_main() ] INPUT DATA -
{'task0_plus': {'strand': 0, 'task_id': 0, 'signal': '/wynton/home/corces/allan/basepairmodels/ENCSR000EGM/data/plus.bw', 'control': '/wynton/home/corces/allan/basepairmodels/ENCSR000EGM/data/control_plus.bw', 'peaks': '/wynton/home/corces/allan/basepairmodels/ENCSR000EGM/data/peaks.bed'}, 'task0_minus': {'strand': 1, 'task_id': 0, 'signal': '/wynton/home/corces/allan/basepairmodels/ENCSR000EGM/data/minus.bw', 'control': '/wynton/home/corces/allan/basepairmodels/ENCSR000EGM/data/control_minus.bw', 'peaks': '/wynton/home/corces/allan/basepairmodels/ENCSR000EGM/data/peaks.bed'}}
INFO:2021-06-29 16:08:07,420:[predict.py:363 -        predict_main() ] Loading /wynton/home/corces/allan/basepairmodels/ENCSR000EGM/models/model_split000.h5
INFO:2021-06-29 16:08:17,031:[predict.py:85 -             predict() ] SEQGEN Class Name: MBPNetSequenceGenerator
INFO:2021-06-29 16:08:17,208:[utils.py:145 -   _init_num_threads() ] Note: NumExpr detected 32 cores but "NUMEXPR_MAX_THREADS" not set, so enforcing safe limit of 8.
INFO:2021-06-29 16:08:17,526:[generators.py:447 -            __init__() ] mode 'test': Data size (with 0 padded rows) - 6085
INFO:2021-06-29 16:08:17,527:[bigwigutils.py:66 -prepare_BPNet_output_files() ] Profile bigWig - /wynton/home/corces/allan/basepairmodels/ENCSR000EGM/predictions/model_split000_task0_plus.bw
INFO:2021-06-29 16:08:17,527:[bigwigutils.py:67 -prepare_BPNet_output_files() ] Counts bigWig - /wynton/home/corces/allan/basepairmodels/ENCSR000EGM/predictions/model_split000_task0_plus_exponentiated_counts.bw
INFO:2021-06-29 16:08:17,530:[bigwigutils.py:66 -prepare_BPNet_output_files() ] Profile bigWig - /wynton/home/corces/allan/basepairmodels/ENCSR000EGM/predictions/model_split000_task0_minus.bw
INFO:2021-06-29 16:08:17,530:[bigwigutils.py:67 -prepare_BPNet_output_files() ] Counts bigWig - /wynton/home/corces/allan/basepairmodels/ENCSR000EGM/predictions/model_split000_task0_minus_exponentiated_counts.bw
DEBUG:2021-06-29 16:08:17,538:[bigwigutils.py:88 -prepare_BPNet_output_files() ] bigWig HEADER - [('chr1', 248956422)]
DEBUG:2021-06-29 16:08:17,601:[generators.py:670 -          _epoch_run() ] test spawning process 0, df size (6085, 2), sum(num_batches) 6085
DEBUG:2021-06-29 16:08:17,656:[generators.py:696 -          _epoch_run() ] test num_batches list [6085]
DEBUG:2021-06-29 16:08:17,658:[generators.py:708 -          _epoch_run() ] test starting stealer thread 0 [6085] 
DEBUG:2021-06-29 16:08:17,659:[generators.py:744 -                 gen() ] test Batch generation for epoch 1 started
DEBUG:2021-06-29 16:10:49,947:[generators.py:592 -        _proc_target() ] test process 0 put 6085 batches into mpq
DEBUG:2021-06-29 16:10:49,954:[generators.py:615 -            _stealer() ] test stealer thread 0 got 6085 batches from mpq
DEBUG:2021-06-29 16:27:25,444:[generators.py:756 -                 gen() ] test waiting to join process 0
DEBUG:2021-06-29 16:27:25,463:[generators.py:761 -                 gen() ] test waiting to join thread 0
DEBUG:2021-06-29 16:27:25,463:[generators.py:765 -                 gen() ] test join complete for process 0
DEBUG:2021-06-29 16:27:25,464:[generators.py:768 -                 gen() ] test Finished join for epoch 1
DEBUG:2021-06-29 16:27:25,464:[generators.py:770 -                 gen() ] test Ready for next epoch
INFO:2021-06-29 16:27:25,695:[predict.py:306 -             predict() ] Total Elapsed Time: 1148.1685411930084 secs
INFO:2021-07-01 19:53:52,166:[predict.py:360 -        predict_main() ] INPUT DATA -
{'task0_plus': {'strand': 0, 'task_id': 0, 'signal': '/wynton/home/corces/allan/BPMVF/ENCSR000EGM/data/plus.bw', 'control': '/wynton/home/corces/allan/BPMVF/ENCSR000EGM/data/control_plus.bw', 'peaks': '/wynton/home/corces/allan/BPMVF/ENCSR000EGM/data/peaks.bed'}, 'task0_minus': {'strand': 1, 'task_id': 0, 'signal': '/wynton/home/corces/allan/BPMVF/ENCSR000EGM/data/minus.bw', 'control': '/wynton/home/corces/allan/BPMVF/ENCSR000EGM/data/control_minus.bw', 'peaks': '/wynton/home/corces/allan/BPMVF/ENCSR000EGM/data/peaks.bed'}}
INFO:2021-07-01 19:53:52,179:[predict.py:363 -        predict_main() ] Loading /wynton/home/corces/allan/BPMVF/ENCSR000EGM/models/model_split000.h5
INFO:2021-07-01 19:54:03,225:[predict.py:85 -             predict() ] SEQGEN Class Name: MBPNetSequenceGenerator
INFO:2021-07-01 19:54:03,395:[utils.py:145 -   _init_num_threads() ] Note: NumExpr detected 32 cores but "NUMEXPR_MAX_THREADS" not set, so enforcing safe limit of 8.
INFO:2021-07-01 19:54:03,717:[generators.py:447 -            __init__() ] mode 'test': Data size (with 0 padded rows) - 6085
INFO:2021-07-01 19:54:03,718:[bigwigutils.py:66 -prepare_BPNet_output_files() ] Profile bigWig - /wynton/home/corces/allan/BPMVF/ENCSR000EGM/predictions/model_split000_task0_plus.bw
INFO:2021-07-01 19:54:03,719:[bigwigutils.py:67 -prepare_BPNet_output_files() ] Counts bigWig - /wynton/home/corces/allan/BPMVF/ENCSR000EGM/predictions/model_split000_task0_plus_exponentiated_counts.bw
INFO:2021-07-01 19:54:03,734:[bigwigutils.py:66 -prepare_BPNet_output_files() ] Profile bigWig - /wynton/home/corces/allan/BPMVF/ENCSR000EGM/predictions/model_split000_task0_minus.bw
INFO:2021-07-01 19:54:03,735:[bigwigutils.py:67 -prepare_BPNet_output_files() ] Counts bigWig - /wynton/home/corces/allan/BPMVF/ENCSR000EGM/predictions/model_split000_task0_minus_exponentiated_counts.bw
DEBUG:2021-07-01 19:54:03,790:[bigwigutils.py:88 -prepare_BPNet_output_files() ] bigWig HEADER - [('chr1', 248956422)]
DEBUG:2021-07-01 19:54:03,865:[generators.py:670 -          _epoch_run() ] test spawning process 0, df size (6085, 2), sum(num_batches) 6085
DEBUG:2021-07-01 19:54:03,901:[generators.py:696 -          _epoch_run() ] test num_batches list [6085]
DEBUG:2021-07-01 19:54:03,902:[generators.py:708 -          _epoch_run() ] test starting stealer thread 0 [6085] 
DEBUG:2021-07-01 19:54:03,904:[generators.py:744 -                 gen() ] test Batch generation for epoch 1 started
DEBUG:2021-07-01 19:56:17,481:[generators.py:592 -        _proc_target() ] test process 0 put 6085 batches into mpq
DEBUG:2021-07-01 19:56:17,482:[generators.py:615 -            _stealer() ] test stealer thread 0 got 6085 batches from mpq
DEBUG:2021-07-01 20:12:35,816:[generators.py:756 -                 gen() ] test waiting to join process 0
DEBUG:2021-07-01 20:12:35,827:[generators.py:761 -                 gen() ] test waiting to join thread 0
DEBUG:2021-07-01 20:12:35,828:[generators.py:765 -                 gen() ] test join complete for process 0
DEBUG:2021-07-01 20:12:35,828:[generators.py:768 -                 gen() ] test Finished join for epoch 1
DEBUG:2021-07-01 20:12:35,829:[generators.py:770 -                 gen() ] test Ready for next epoch
INFO:2021-07-01 20:12:36,152:[predict.py:306 -             predict() ] Total Elapsed Time: 1112.433700799942 secs
INFO:2021-07-01 20:34:14,077:[predict.py:360 -        predict_main() ] INPUT DATA -
{'task0_plus': {'strand': 0, 'task_id': 0, 'signal': '/wynton/home/corces/allan/BPMVF/ENCSR000EGM/data/plus.bw', 'control': '/wynton/home/corces/allan/BPMVF/ENCSR000EGM/data/control_plus.bw', 'peaks': '/wynton/home/corces/allan/BPMVF/ENCSR000EGM/data/peaks.bed'}, 'task0_minus': {'strand': 1, 'task_id': 0, 'signal': '/wynton/home/corces/allan/BPMVF/ENCSR000EGM/data/minus.bw', 'control': '/wynton/home/corces/allan/BPMVF/ENCSR000EGM/data/control_minus.bw', 'peaks': '/wynton/home/corces/allan/BPMVF/ENCSR000EGM/data/peaks.bed'}}
INFO:2021-07-01 20:34:14,097:[predict.py:363 -        predict_main() ] Loading /wynton/home/corces/allan/BPMVF/ENCSR000EGM/models/model_split000.h5
INFO:2021-07-01 20:34:23,351:[predict.py:85 -             predict() ] SEQGEN Class Name: MBPNetSequenceGenerator
INFO:2021-07-01 20:34:23,446:[utils.py:145 -   _init_num_threads() ] Note: NumExpr detected 32 cores but "NUMEXPR_MAX_THREADS" not set, so enforcing safe limit of 8.
INFO:2021-07-01 20:34:23,727:[generators.py:447 -            __init__() ] mode 'test': Data size (with 0 padded rows) - 6082
INFO:2021-07-01 20:34:23,728:[bigwigutils.py:66 -prepare_BPNet_output_files() ] Profile bigWig - /wynton/home/corces/allan/BPMVF/ENCSR000EGM/predictions/model_split000_task0_plus.bw
INFO:2021-07-01 20:34:23,728:[bigwigutils.py:67 -prepare_BPNet_output_files() ] Counts bigWig - /wynton/home/corces/allan/BPMVF/ENCSR000EGM/predictions/model_split000_task0_plus_exponentiated_counts.bw
INFO:2021-07-01 20:34:23,785:[bigwigutils.py:66 -prepare_BPNet_output_files() ] Profile bigWig - /wynton/home/corces/allan/BPMVF/ENCSR000EGM/predictions/model_split000_task0_minus.bw
INFO:2021-07-01 20:34:23,785:[bigwigutils.py:67 -prepare_BPNet_output_files() ] Counts bigWig - /wynton/home/corces/allan/BPMVF/ENCSR000EGM/predictions/model_split000_task0_minus_exponentiated_counts.bw
DEBUG:2021-07-01 20:34:23,831:[bigwigutils.py:88 -prepare_BPNet_output_files() ] bigWig HEADER - [('chr1', 248956422)]
DEBUG:2021-07-01 20:34:23,887:[generators.py:670 -          _epoch_run() ] test spawning process 0, df size (6082, 2), sum(num_batches) 6082
DEBUG:2021-07-01 20:34:23,940:[generators.py:696 -          _epoch_run() ] test num_batches list [6082]
DEBUG:2021-07-01 20:34:23,941:[generators.py:708 -          _epoch_run() ] test starting stealer thread 0 [6082] 
DEBUG:2021-07-01 20:34:23,943:[generators.py:744 -                 gen() ] test Batch generation for epoch 1 started
INFO:2021-07-01 20:35:41,710:[predict.py:360 -        predict_main() ] INPUT DATA -
{'task0_plus': {'strand': 0, 'task_id': 0, 'signal': '/wynton/home/corces/allan/BPMVF/ENCSR000EGM/data/plus.bw', 'control': '/wynton/home/corces/allan/BPMVF/ENCSR000EGM/data/control_plus.bw', 'peaks': '/wynton/home/corces/allan/BPMVF/ENCSR000EGM/data/peaks.bed'}, 'task0_minus': {'strand': 1, 'task_id': 0, 'signal': '/wynton/home/corces/allan/BPMVF/ENCSR000EGM/data/minus.bw', 'control': '/wynton/home/corces/allan/BPMVF/ENCSR000EGM/data/control_minus.bw', 'peaks': '/wynton/home/corces/allan/BPMVF/ENCSR000EGM/data/peaks.bed'}}
INFO:2021-07-01 20:35:41,711:[predict.py:363 -        predict_main() ] Loading /wynton/home/corces/allan/BPMVF/ENCSR000EGM/models/model_split000.h5
INFO:2021-07-01 20:35:49,727:[predict.py:85 -             predict() ] SEQGEN Class Name: MBPNetSequenceGenerator
INFO:2021-07-01 20:35:49,770:[utils.py:145 -   _init_num_threads() ] Note: NumExpr detected 32 cores but "NUMEXPR_MAX_THREADS" not set, so enforcing safe limit of 8.
INFO:2021-07-01 20:35:50,054:[generators.py:447 -            __init__() ] mode 'test': Data size (with 0 padded rows) - 6080
INFO:2021-07-01 20:35:50,055:[bigwigutils.py:66 -prepare_BPNet_output_files() ] Profile bigWig - /wynton/home/corces/allan/BPMVF/ENCSR000EGM/predictions/model_split000_task0_plus.bw
INFO:2021-07-01 20:35:50,056:[bigwigutils.py:67 -prepare_BPNet_output_files() ] Counts bigWig - /wynton/home/corces/allan/BPMVF/ENCSR000EGM/predictions/model_split000_task0_plus_exponentiated_counts.bw
INFO:2021-07-01 20:35:50,059:[bigwigutils.py:66 -prepare_BPNet_output_files() ] Profile bigWig - /wynton/home/corces/allan/BPMVF/ENCSR000EGM/predictions/model_split000_task0_minus.bw
INFO:2021-07-01 20:35:50,059:[bigwigutils.py:67 -prepare_BPNet_output_files() ] Counts bigWig - /wynton/home/corces/allan/BPMVF/ENCSR000EGM/predictions/model_split000_task0_minus_exponentiated_counts.bw
DEBUG:2021-07-01 20:35:50,068:[bigwigutils.py:88 -prepare_BPNet_output_files() ] bigWig HEADER - [('chr1', 248956422)]
DEBUG:2021-07-01 20:35:50,124:[generators.py:670 -          _epoch_run() ] test spawning process 0, df size (6080, 2), sum(num_batches) 6080
DEBUG:2021-07-01 20:35:50,162:[generators.py:696 -          _epoch_run() ] test num_batches list [6080]
DEBUG:2021-07-01 20:35:50,163:[generators.py:708 -          _epoch_run() ] test starting stealer thread 0 [6080] 
DEBUG:2021-07-01 20:35:50,165:[generators.py:744 -                 gen() ] test Batch generation for epoch 1 started
INFO:2021-07-01 20:37:02,874:[predict.py:360 -        predict_main() ] INPUT DATA -
{'task0_plus': {'strand': 0, 'task_id': 0, 'signal': '/wynton/home/corces/allan/BPMVF/ENCSR000EGM/data/plus.bw', 'control': '/wynton/home/corces/allan/BPMVF/ENCSR000EGM/data/control_plus.bw', 'peaks': '/wynton/home/corces/allan/BPMVF/ENCSR000EGM/data/peaks.bed'}, 'task0_minus': {'strand': 1, 'task_id': 0, 'signal': '/wynton/home/corces/allan/BPMVF/ENCSR000EGM/data/minus.bw', 'control': '/wynton/home/corces/allan/BPMVF/ENCSR000EGM/data/control_minus.bw', 'peaks': '/wynton/home/corces/allan/BPMVF/ENCSR000EGM/data/peaks.bed'}}
INFO:2021-07-01 20:37:02,875:[predict.py:363 -        predict_main() ] Loading /wynton/home/corces/allan/BPMVF/ENCSR000EGM/models/model_split000.h5
INFO:2021-07-01 20:37:10,843:[predict.py:85 -             predict() ] SEQGEN Class Name: MBPNetSequenceGenerator
INFO:2021-07-01 20:37:10,888:[utils.py:145 -   _init_num_threads() ] Note: NumExpr detected 32 cores but "NUMEXPR_MAX_THREADS" not set, so enforcing safe limit of 8.
INFO:2021-07-01 20:37:11,189:[generators.py:447 -            __init__() ] mode 'test': Data size (with 0 padded rows) - 6080
INFO:2021-07-01 20:37:11,190:[bigwigutils.py:66 -prepare_BPNet_output_files() ] Profile bigWig - /wynton/home/corces/allan/BPMVF/ENCSR000EGM/predictions/model_split000_task0_plus.bw
INFO:2021-07-01 20:37:11,191:[bigwigutils.py:67 -prepare_BPNet_output_files() ] Counts bigWig - /wynton/home/corces/allan/BPMVF/ENCSR000EGM/predictions/model_split000_task0_plus_exponentiated_counts.bw
INFO:2021-07-01 20:37:11,193:[bigwigutils.py:66 -prepare_BPNet_output_files() ] Profile bigWig - /wynton/home/corces/allan/BPMVF/ENCSR000EGM/predictions/model_split000_task0_minus.bw
INFO:2021-07-01 20:37:11,194:[bigwigutils.py:67 -prepare_BPNet_output_files() ] Counts bigWig - /wynton/home/corces/allan/BPMVF/ENCSR000EGM/predictions/model_split000_task0_minus_exponentiated_counts.bw
DEBUG:2021-07-01 20:37:11,203:[bigwigutils.py:88 -prepare_BPNet_output_files() ] bigWig HEADER - [('chr1', 248956422)]
DEBUG:2021-07-01 20:37:11,262:[generators.py:670 -          _epoch_run() ] test spawning process 0, df size (6080, 2), sum(num_batches) 6080
DEBUG:2021-07-01 20:37:11,294:[generators.py:696 -          _epoch_run() ] test num_batches list [6080]
DEBUG:2021-07-01 20:37:11,296:[generators.py:708 -          _epoch_run() ] test starting stealer thread 0 [6080] 
DEBUG:2021-07-01 20:37:11,297:[generators.py:744 -                 gen() ] test Batch generation for epoch 1 started
INFO:2021-07-01 21:02:26,833:[predict.py:360 -        predict_main() ] INPUT DATA -
{'task0_plus': {'strand': 0, 'task_id': 0, 'signal': '/wynton/home/corces/allan/BPMVF/ENCSR000EGM/data/plus.bw', 'control': '/wynton/home/corces/allan/BPMVF/ENCSR000EGM/data/control_plus.bw', 'peaks': '/wynton/home/corces/allan/BPMVF/ENCSR000EGM/data/peaks.bed'}, 'task0_minus': {'strand': 1, 'task_id': 0, 'signal': '/wynton/home/corces/allan/BPMVF/ENCSR000EGM/data/minus.bw', 'control': '/wynton/home/corces/allan/BPMVF/ENCSR000EGM/data/control_minus.bw', 'peaks': '/wynton/home/corces/allan/BPMVF/ENCSR000EGM/data/peaks.bed'}}
INFO:2021-07-01 21:02:26,847:[predict.py:363 -        predict_main() ] Loading /wynton/home/corces/allan/BPMVF/ENCSR000EGM/models/model_split000.h5
INFO:2021-07-01 21:02:34,770:[predict.py:85 -             predict() ] SEQGEN Class Name: MBPNetSequenceGenerator
INFO:2021-07-01 21:02:34,812:[utils.py:145 -   _init_num_threads() ] Note: NumExpr detected 32 cores but "NUMEXPR_MAX_THREADS" not set, so enforcing safe limit of 8.
INFO:2021-07-01 21:02:34,872:[generators.py:447 -            __init__() ] mode 'test': Data size (with 0 padded rows) - 0
INFO:2021-07-01 21:02:34,873:[bigwigutils.py:66 -prepare_BPNet_output_files() ] Profile bigWig - /wynton/home/corces/allan/BPMVF/ENCSR000EGM/predictions/model_split000_task0_plus.bw
INFO:2021-07-01 21:02:34,873:[bigwigutils.py:67 -prepare_BPNet_output_files() ] Counts bigWig - /wynton/home/corces/allan/BPMVF/ENCSR000EGM/predictions/model_split000_task0_plus_exponentiated_counts.bw
INFO:2021-07-01 21:02:34,919:[bigwigutils.py:66 -prepare_BPNet_output_files() ] Profile bigWig - /wynton/home/corces/allan/BPMVF/ENCSR000EGM/predictions/model_split000_task0_minus.bw
INFO:2021-07-01 21:02:34,920:[bigwigutils.py:67 -prepare_BPNet_output_files() ] Counts bigWig - /wynton/home/corces/allan/BPMVF/ENCSR000EGM/predictions/model_split000_task0_minus_exponentiated_counts.bw
DEBUG:2021-07-01 21:02:34,965:[bigwigutils.py:88 -prepare_BPNet_output_files() ] bigWig HEADER - [('chr1', 248956422)]
WARNING:2021-07-01 21:02:35,023:[generators.py:680 -          _epoch_run() ] One or more process threads are not being assigned data for parallel batch generation. You should reduce the number of threads using the --threads option for better performance. Inspect logs for batch assignments.
DEBUG:2021-07-01 21:02:35,024:[generators.py:690 -          _epoch_run() ] test skipping process 0, df size (0, 2), num_batches 0
DEBUG:2021-07-01 21:02:35,024:[generators.py:696 -          _epoch_run() ] test num_batches list [0]
DEBUG:2021-07-01 21:02:35,024:[generators.py:719 -          _epoch_run() ] test skipping stealer thread 0 
DEBUG:2021-07-01 21:02:35,025:[generators.py:744 -                 gen() ] test Batch generation for epoch 1 started
DEBUG:2021-07-01 21:02:35,025:[generators.py:765 -                 gen() ] test join complete for process 0
DEBUG:2021-07-01 21:02:35,026:[generators.py:768 -                 gen() ] test Finished join for epoch 1
DEBUG:2021-07-01 21:02:35,026:[generators.py:770 -                 gen() ] test Ready for next epoch
INFO:2021-07-01 21:02:35,036:[predict.py:306 -             predict() ] Total Elapsed Time: 0.16328787803649902 secs
INFO:2021-07-01 21:10:27,281:[predict.py:360 -        predict_main() ] INPUT DATA -
{'task0_plus': {'strand': 0, 'task_id': 0, 'signal': '/wynton/home/corces/allan/BPMVF/ENCSR000EGM/data/plus.bw', 'control': '/wynton/home/corces/allan/BPMVF/ENCSR000EGM/data/control_plus.bw', 'peaks': '/wynton/home/corces/allan/BPMVF/ENCSR000EGM/data/peaks.bed'}, 'task0_minus': {'strand': 1, 'task_id': 0, 'signal': '/wynton/home/corces/allan/BPMVF/ENCSR000EGM/data/minus.bw', 'control': '/wynton/home/corces/allan/BPMVF/ENCSR000EGM/data/control_minus.bw', 'peaks': '/wynton/home/corces/allan/BPMVF/ENCSR000EGM/data/peaks.bed'}}
INFO:2021-07-01 21:10:27,311:[predict.py:363 -        predict_main() ] Loading /wynton/home/corces/allan/BPMVF/ENCSR000EGM/models/model_split000.h5
INFO:2021-07-01 21:10:35,858:[predict.py:85 -             predict() ] SEQGEN Class Name: MBPNetSequenceGenerator
INFO:2021-07-01 21:10:35,976:[utils.py:145 -   _init_num_threads() ] Note: NumExpr detected 32 cores but "NUMEXPR_MAX_THREADS" not set, so enforcing safe limit of 8.
INFO:2021-07-01 21:10:36,043:[generators.py:447 -            __init__() ] mode 'test': Data size (with 0 padded rows) - 0
INFO:2021-07-01 21:10:36,043:[bigwigutils.py:66 -prepare_BPNet_output_files() ] Profile bigWig - /wynton/home/corces/allan/BPMVF/ENCSR000EGM/predictions/model_split000_task0_plus.bw
INFO:2021-07-01 21:10:36,044:[bigwigutils.py:67 -prepare_BPNet_output_files() ] Counts bigWig - /wynton/home/corces/allan/BPMVF/ENCSR000EGM/predictions/model_split000_task0_plus_exponentiated_counts.bw
INFO:2021-07-01 21:10:36,084:[bigwigutils.py:66 -prepare_BPNet_output_files() ] Profile bigWig - /wynton/home/corces/allan/BPMVF/ENCSR000EGM/predictions/model_split000_task0_minus.bw
INFO:2021-07-01 21:10:36,084:[bigwigutils.py:67 -prepare_BPNet_output_files() ] Counts bigWig - /wynton/home/corces/allan/BPMVF/ENCSR000EGM/predictions/model_split000_task0_minus_exponentiated_counts.bw
DEBUG:2021-07-01 21:10:36,093:[bigwigutils.py:88 -prepare_BPNet_output_files() ] bigWig HEADER - [('chr1', 248956422)]
WARNING:2021-07-01 21:10:36,149:[generators.py:680 -          _epoch_run() ] One or more process threads are not being assigned data for parallel batch generation. You should reduce the number of threads using the --threads option for better performance. Inspect logs for batch assignments.
DEBUG:2021-07-01 21:10:36,150:[generators.py:690 -          _epoch_run() ] test skipping process 0, df size (0, 2), num_batches 0
DEBUG:2021-07-01 21:10:36,150:[generators.py:696 -          _epoch_run() ] test num_batches list [0]
DEBUG:2021-07-01 21:10:36,151:[generators.py:719 -          _epoch_run() ] test skipping stealer thread 0 
DEBUG:2021-07-01 21:10:36,152:[generators.py:744 -                 gen() ] test Batch generation for epoch 1 started
DEBUG:2021-07-01 21:10:36,152:[generators.py:765 -                 gen() ] test join complete for process 0
DEBUG:2021-07-01 21:10:36,153:[generators.py:768 -                 gen() ] test Finished join for epoch 1
DEBUG:2021-07-01 21:10:36,153:[generators.py:770 -                 gen() ] test Ready for next epoch
INFO:2021-07-01 21:10:36,164:[predict.py:306 -             predict() ] Total Elapsed Time: 0.1200869083404541 secs
INFO:2021-07-01 21:13:35,488:[predict.py:360 -        predict_main() ] INPUT DATA -
{'task0_plus': {'strand': 0, 'task_id': 0, 'signal': '/wynton/home/corces/allan/BPMVF/ENCSR000EGM/data/plus.bw', 'control': '/wynton/home/corces/allan/BPMVF/ENCSR000EGM/data/control_plus.bw', 'peaks': '/wynton/home/corces/allan/BPMVF/ENCSR000EGM/data/peaks.bed'}, 'task0_minus': {'strand': 1, 'task_id': 0, 'signal': '/wynton/home/corces/allan/BPMVF/ENCSR000EGM/data/minus.bw', 'control': '/wynton/home/corces/allan/BPMVF/ENCSR000EGM/data/control_minus.bw', 'peaks': '/wynton/home/corces/allan/BPMVF/ENCSR000EGM/data/peaks.bed'}}
INFO:2021-07-01 21:13:35,489:[predict.py:363 -        predict_main() ] Loading /wynton/home/corces/allan/BPMVF/ENCSR000EGM/models/model_split000.h5
INFO:2021-07-01 21:13:43,556:[predict.py:85 -             predict() ] SEQGEN Class Name: MBPNetSequenceGenerator
INFO:2021-07-01 21:13:43,599:[utils.py:145 -   _init_num_threads() ] Note: NumExpr detected 32 cores but "NUMEXPR_MAX_THREADS" not set, so enforcing safe limit of 8.
INFO:2021-07-01 21:13:43,663:[generators.py:447 -            __init__() ] mode 'test': Data size (with 0 padded rows) - 214
INFO:2021-07-01 21:13:43,664:[bigwigutils.py:66 -prepare_BPNet_output_files() ] Profile bigWig - /wynton/home/corces/allan/BPMVF/ENCSR000EGM/predictions/model_split000_task0_plus.bw
INFO:2021-07-01 21:13:43,664:[bigwigutils.py:67 -prepare_BPNet_output_files() ] Counts bigWig - /wynton/home/corces/allan/BPMVF/ENCSR000EGM/predictions/model_split000_task0_plus_exponentiated_counts.bw
INFO:2021-07-01 21:13:43,667:[bigwigutils.py:66 -prepare_BPNet_output_files() ] Profile bigWig - /wynton/home/corces/allan/BPMVF/ENCSR000EGM/predictions/model_split000_task0_minus.bw
INFO:2021-07-01 21:13:43,667:[bigwigutils.py:67 -prepare_BPNet_output_files() ] Counts bigWig - /wynton/home/corces/allan/BPMVF/ENCSR000EGM/predictions/model_split000_task0_minus_exponentiated_counts.bw
DEBUG:2021-07-01 21:13:43,677:[bigwigutils.py:88 -prepare_BPNet_output_files() ] bigWig HEADER - [('chr1', 248956422)]
DEBUG:2021-07-01 21:13:43,729:[generators.py:670 -          _epoch_run() ] test spawning process 0, df size (214, 2), sum(num_batches) 214
DEBUG:2021-07-01 21:13:43,763:[generators.py:696 -          _epoch_run() ] test num_batches list [214]
DEBUG:2021-07-01 21:13:43,764:[generators.py:708 -          _epoch_run() ] test starting stealer thread 0 [214] 
DEBUG:2021-07-01 21:13:43,765:[generators.py:744 -                 gen() ] test Batch generation for epoch 1 started
DEBUG:2021-07-01 21:13:49,764:[generators.py:592 -        _proc_target() ] test process 0 put 214 batches into mpq
DEBUG:2021-07-01 21:13:49,765:[generators.py:615 -            _stealer() ] test stealer thread 0 got 214 batches from mpq
DEBUG:2021-07-01 21:14:26,959:[generators.py:756 -                 gen() ] test waiting to join process 0
DEBUG:2021-07-01 21:14:26,959:[generators.py:761 -                 gen() ] test waiting to join thread 0
DEBUG:2021-07-01 21:14:26,960:[generators.py:765 -                 gen() ] test join complete for process 0
DEBUG:2021-07-01 21:14:26,960:[generators.py:768 -                 gen() ] test Finished join for epoch 1
DEBUG:2021-07-01 21:14:26,961:[generators.py:770 -                 gen() ] test Ready for next epoch
INFO:2021-07-01 21:14:26,994:[predict.py:306 -             predict() ] Total Elapsed Time: 43.33005976676941 secs
INFO:2021-07-01 22:01:56,428:[predict.py:360 -        predict_main() ] INPUT DATA -
{'task0_plus': {'strand': 0, 'task_id': 0, 'signal': '/wynton/home/corces/allan/BPMVF/ENCSR000EGM/data/plus.bw', 'control': '/wynton/home/corces/allan/BPMVF/ENCSR000EGM/data/control_plus.bw', 'peaks': '/wynton/home/corces/allan/BPMVF/ENCSR000EGM/data/peaks.bed'}, 'task0_minus': {'strand': 1, 'task_id': 0, 'signal': '/wynton/home/corces/allan/BPMVF/ENCSR000EGM/data/minus.bw', 'control': '/wynton/home/corces/allan/BPMVF/ENCSR000EGM/data/control_minus.bw', 'peaks': '/wynton/home/corces/allan/BPMVF/ENCSR000EGM/data/peaks.bed'}}
INFO:2021-07-01 22:01:56,442:[predict.py:363 -        predict_main() ] Loading /wynton/home/corces/allan/BPMVF/ENCSR000EGM/models/model_split000.h5
INFO:2021-07-01 22:02:04,488:[predict.py:85 -             predict() ] SEQGEN Class Name: MBPNetSequenceGenerator
INFO:2021-07-01 22:02:04,530:[utils.py:145 -   _init_num_threads() ] Note: NumExpr detected 32 cores but "NUMEXPR_MAX_THREADS" not set, so enforcing safe limit of 8.
INFO:2021-07-01 22:02:04,754:[generators.py:447 -            __init__() ] mode 'test': Data size (with 0 padded rows) - 6085
INFO:2021-07-01 22:02:04,755:[bigwigutils.py:66 -prepare_BPNet_output_files() ] Profile bigWig - /wynton/home/corces/allan/BPMVF/ENCSR000EGM/predictions/model_split000_task0_plus.bw
INFO:2021-07-01 22:02:04,755:[bigwigutils.py:67 -prepare_BPNet_output_files() ] Counts bigWig - /wynton/home/corces/allan/BPMVF/ENCSR000EGM/predictions/model_split000_task0_plus_exponentiated_counts.bw
INFO:2021-07-01 22:02:04,787:[bigwigutils.py:66 -prepare_BPNet_output_files() ] Profile bigWig - /wynton/home/corces/allan/BPMVF/ENCSR000EGM/predictions/model_split000_task0_minus.bw
INFO:2021-07-01 22:02:04,787:[bigwigutils.py:67 -prepare_BPNet_output_files() ] Counts bigWig - /wynton/home/corces/allan/BPMVF/ENCSR000EGM/predictions/model_split000_task0_minus_exponentiated_counts.bw
DEBUG:2021-07-01 22:02:04,824:[bigwigutils.py:88 -prepare_BPNet_output_files() ] bigWig HEADER - [('chr1', 248956422)]
DEBUG:2021-07-01 22:02:04,884:[generators.py:670 -          _epoch_run() ] test spawning process 0, df size (6085, 2), sum(num_batches) 6085
DEBUG:2021-07-01 22:02:04,917:[generators.py:696 -          _epoch_run() ] test num_batches list [6085]
DEBUG:2021-07-01 22:02:04,918:[generators.py:708 -          _epoch_run() ] test starting stealer thread 0 [6085] 
DEBUG:2021-07-01 22:02:04,920:[generators.py:744 -                 gen() ] test Batch generation for epoch 1 started
DEBUG:2021-07-01 22:04:09,289:[generators.py:592 -        _proc_target() ] test process 0 put 6085 batches into mpq
DEBUG:2021-07-01 22:04:09,290:[generators.py:615 -            _stealer() ] test stealer thread 0 got 6085 batches from mpq
DEBUG:2021-07-01 22:20:29,735:[generators.py:756 -                 gen() ] test waiting to join process 0
DEBUG:2021-07-01 22:20:29,793:[generators.py:761 -                 gen() ] test waiting to join thread 0
DEBUG:2021-07-01 22:20:29,794:[generators.py:765 -                 gen() ] test join complete for process 0
DEBUG:2021-07-01 22:20:29,794:[generators.py:768 -                 gen() ] test Finished join for epoch 1
DEBUG:2021-07-01 22:20:29,795:[generators.py:770 -                 gen() ] test Ready for next epoch
INFO:2021-07-01 22:20:30,039:[predict.py:306 -             predict() ] Total Elapsed Time: 1105.2846117019653 secs
INFO:2021-07-02 16:28:54,705:[predict.py:360 -        predict_main() ] INPUT DATA -
{'task0_plus': {'strand': 0, 'task_id': 0, 'signal': '/wynton/home/corces/allan/BPMVF/ENCSR000EGM/data/plus.bw', 'control': '/wynton/home/corces/allan/BPMVF/ENCSR000EGM/data/control_plus.bw', 'peaks': '/wynton/home/corces/allan/BPMVF/ENCSR000EGM/data/peaks.bed'}, 'task0_minus': {'strand': 1, 'task_id': 0, 'signal': '/wynton/home/corces/allan/BPMVF/ENCSR000EGM/data/minus.bw', 'control': '/wynton/home/corces/allan/BPMVF/ENCSR000EGM/data/control_minus.bw', 'peaks': '/wynton/home/corces/allan/BPMVF/ENCSR000EGM/data/peaks.bed'}}
INFO:2021-07-02 16:28:54,737:[predict.py:363 -        predict_main() ] Loading /wynton/home/corces/allan/BPMVF/ENCSR000EGM/models/model_split000.h5
INFO:2021-07-02 16:29:09,006:[predict.py:85 -             predict() ] SEQGEN Class Name: MBPNetSequenceGenerator
INFO:2021-07-02 16:29:10,004:[utils.py:145 -   _init_num_threads() ] Note: NumExpr detected 32 cores but "NUMEXPR_MAX_THREADS" not set, so enforcing safe limit of 8.
INFO:2021-07-02 16:29:10,289:[generators.py:447 -            __init__() ] mode 'test': Data size (with 0 padded rows) - 0
INFO:2021-07-02 16:29:10,290:[bigwigutils.py:66 -prepare_BPNet_output_files() ] Profile bigWig - /wynton/home/corces/allan/BPMVF/ENCSR000EGM/predictions/model_split000_task0_plus.bw
INFO:2021-07-02 16:29:10,290:[bigwigutils.py:67 -prepare_BPNet_output_files() ] Counts bigWig - /wynton/home/corces/allan/BPMVF/ENCSR000EGM/predictions/model_split000_task0_plus_exponentiated_counts.bw
INFO:2021-07-02 16:29:10,446:[bigwigutils.py:66 -prepare_BPNet_output_files() ] Profile bigWig - /wynton/home/corces/allan/BPMVF/ENCSR000EGM/predictions/model_split000_task0_minus.bw
INFO:2021-07-02 16:29:10,447:[bigwigutils.py:67 -prepare_BPNet_output_files() ] Counts bigWig - /wynton/home/corces/allan/BPMVF/ENCSR000EGM/predictions/model_split000_task0_minus_exponentiated_counts.bw
DEBUG:2021-07-02 16:29:10,568:[bigwigutils.py:88 -prepare_BPNet_output_files() ] bigWig HEADER - [('chr1', 248956422)]
WARNING:2021-07-02 16:29:10,808:[generators.py:680 -          _epoch_run() ] One or more process threads are not being assigned data for parallel batch generation. You should reduce the number of threads using the --threads option for better performance. Inspect logs for batch assignments.
DEBUG:2021-07-02 16:29:10,808:[generators.py:690 -          _epoch_run() ] test skipping process 0, df size (0, 2), num_batches 0
DEBUG:2021-07-02 16:29:10,809:[generators.py:696 -          _epoch_run() ] test num_batches list [0]
DEBUG:2021-07-02 16:29:10,810:[generators.py:719 -          _epoch_run() ] test skipping stealer thread 0 
DEBUG:2021-07-02 16:29:10,810:[generators.py:744 -                 gen() ] test Batch generation for epoch 1 started
DEBUG:2021-07-02 16:29:10,811:[generators.py:765 -                 gen() ] test join complete for process 0
DEBUG:2021-07-02 16:29:10,811:[generators.py:768 -                 gen() ] test Finished join for epoch 1
DEBUG:2021-07-02 16:29:10,811:[generators.py:770 -                 gen() ] test Ready for next epoch
INFO:2021-07-02 16:29:10,824:[predict.py:306 -             predict() ] Total Elapsed Time: 0.5344150066375732 secs
