INFO:2021-07-26 11:49:59,807:[predict.py:360 -        predict_main() ] INPUT DATA -
{'task0': {'strand': 0, 'task_id': 0, 'signal': '/wynton/home/corces/allan/BPMVF/neg-control/data/Cluster24.bpnet.unstranded.bw', 'peaks': '/wynton/home/corces/allan/BPMVF/neg-control/data/peaks_df_deduped0.20.bed'}}
INFO:2021-07-26 11:49:59,808:[predict.py:363 -        predict_main() ] Loading /wynton/home/corces/allan/BPMVF/neg-control/models/bpnet.20_split000.h5
INFO:2021-07-26 11:50:10,516:[predict.py:85 -             predict() ] SEQGEN Class Name: MBPNetSequenceGenerator
INFO:2021-07-26 11:50:10,610:[utils.py:145 -   _init_num_threads() ] Note: NumExpr detected 32 cores but "NUMEXPR_MAX_THREADS" not set, so enforcing safe limit of 8.
INFO:2021-07-26 11:50:10,912:[generators.py:447 -            __init__() ] mode 'test': Data size (with 0 padded rows) - 6105
INFO:2021-07-26 11:50:10,913:[bigwigutils.py:66 -prepare_BPNet_output_files() ] Profile bigWig - /wynton/home/corces/allan/BPMVF/neg-control/model.20/predictions/bpnet_task0.bw
INFO:2021-07-26 11:50:10,914:[bigwigutils.py:67 -prepare_BPNet_output_files() ] Counts bigWig - /wynton/home/corces/allan/BPMVF/neg-control/model.20/predictions/bpnet_task0_exponentiated_counts.bw
DEBUG:2021-07-26 11:50:10,924:[bigwigutils.py:88 -prepare_BPNet_output_files() ] bigWig HEADER - [('chr1', 248956422)]
DEBUG:2021-07-26 11:50:11,017:[generators.py:670 -          _epoch_run() ] test spawning process 0, df size (6105, 2), sum(num_batches) 6105
DEBUG:2021-07-26 11:50:11,038:[generators.py:696 -          _epoch_run() ] test num_batches list [6105]
DEBUG:2021-07-26 11:50:11,039:[generators.py:708 -          _epoch_run() ] test starting stealer thread 0 [6105] 
DEBUG:2021-07-26 11:50:11,041:[generators.py:744 -                 gen() ] test Batch generation for epoch 1 started
DEBUG:2021-07-26 11:51:07,072:[generators.py:592 -        _proc_target() ] test process 0 put 6105 batches into mpq
DEBUG:2021-07-26 11:51:07,072:[generators.py:615 -            _stealer() ] test stealer thread 0 got 6105 batches from mpq
DEBUG:2021-07-26 12:02:55,074:[generators.py:756 -                 gen() ] test waiting to join process 0
DEBUG:2021-07-26 12:02:55,091:[generators.py:761 -                 gen() ] test waiting to join thread 0
DEBUG:2021-07-26 12:02:55,092:[generators.py:765 -                 gen() ] test join complete for process 0
DEBUG:2021-07-26 12:02:55,092:[generators.py:768 -                 gen() ] test Finished join for epoch 1
DEBUG:2021-07-26 12:02:55,093:[generators.py:770 -                 gen() ] test Ready for next epoch
INFO:2021-07-26 12:02:55,224:[predict.py:306 -             predict() ] Total Elapsed Time: 764.3109803199768 secs
