INFO:2021-07-01 21:55:09,663:[utils.py:145 -   _init_num_threads() ] Note: NumExpr detected 32 cores but "NUMEXPR_MAX_THREADS" not set, so enforcing safe limit of 8.
INFO:2021-07-01 21:55:10,824:[metrics.py:465 -        metrics_main() ] 		min		max		median
INFO:2021-07-01 21:55:10,826:[metrics.py:468 -        metrics_main() ] mnll		0.035		0.361		0.115
INFO:2021-07-01 21:55:10,827:[metrics.py:470 -        metrics_main() ] cross_entropy	5.196		7.773		6.653
INFO:2021-07-01 21:55:10,828:[metrics.py:472 -        metrics_main() ] jsd		0.514		0.825		0.774
INFO:2021-07-01 21:55:10,829:[metrics.py:474 -        metrics_main() ] pearson		-0.047		0.654		0.139
INFO:2021-07-01 21:55:10,830:[metrics.py:476 -        metrics_main() ] spearman	-0.055		0.441		0.108
INFO:2021-07-01 21:55:10,831:[metrics.py:478 -        metrics_main() ] mse		0.007		0.190		0.029
INFO:2021-07-01 21:55:10,832:[metrics.py:479 -        metrics_main() ] ==============================================
INFO:2021-07-01 21:55:10,832:[metrics.py:480 -        metrics_main() ] counts pearson: 0.4384066030669979
INFO:2021-07-01 21:55:10,833:[metrics.py:481 -        metrics_main() ] counts spearman: 0.5344851565217785
INFO:2021-07-01 21:55:13,691:[utils.py:145 -   _init_num_threads() ] Note: NumExpr detected 32 cores but "NUMEXPR_MAX_THREADS" not set, so enforcing safe limit of 8.
INFO:2021-07-01 21:55:14,748:[metrics.py:465 -        metrics_main() ] 		min		max		median
INFO:2021-07-01 21:55:14,749:[metrics.py:468 -        metrics_main() ] mnll		0.041		0.445		0.111
INFO:2021-07-01 21:55:14,750:[metrics.py:470 -        metrics_main() ] cross_entropy	5.500		7.599		6.680
INFO:2021-07-01 21:55:14,751:[metrics.py:472 -        metrics_main() ] jsd		0.466		0.808		0.773
INFO:2021-07-01 21:55:14,751:[metrics.py:474 -        metrics_main() ] pearson		-0.066		0.678		0.134
INFO:2021-07-01 21:55:14,752:[metrics.py:476 -        metrics_main() ] spearman	-0.066		0.522		0.106
INFO:2021-07-01 21:55:14,752:[metrics.py:478 -        metrics_main() ] mse		0.011		0.231		0.029
INFO:2021-07-01 21:55:14,753:[metrics.py:479 -        metrics_main() ] ==============================================
INFO:2021-07-01 21:55:14,753:[metrics.py:480 -        metrics_main() ] counts pearson: 0.3972266023678334
INFO:2021-07-01 21:55:14,754:[metrics.py:481 -        metrics_main() ] counts spearman: 0.4768194849814056
